<?xml version="1.0" encoding="UTF-8"?>
<testsuite name="Test" tests="14" skipped="0" failures="0" errors="0" timestamp="2023-12-15T17:36:57" hostname="McBkPr14M1Pr20vi5.local" time="0.312">
  <properties/>
  <testcase name="[1] keyWord=photomechanochemistry, newWord=, isValid=false" classname="Test" time="0.052"/>
  <testcase name="[2] keyWord=photomechanochemistry, newWord=lalala, isValid=false" classname="Test" time="0.001"/>
  <testcase name="[3] keyWord=photomechanochemistry, newWord=photo, isValid=true" classname="Test" time="0.002"/>
  <testcase name="[4] keyWord=photomechanochemistry, newWord=photoooooooo, isValid=false" classname="Test" time="0.0"/>
  <testcase name="[5] keyWord=photomechanochemistry, newWord=photophoto, isValid=false" classname="Test" time="0.001"/>
  <testcase name="teamTeamServiceTest()" classname="Test" time="0.202"/>
  <testcase name="gameResultsServiceTest()" classname="Test" time="0.009"/>
  <testcase name="getAllGameResultsMethodTest()" classname="Test" time="0.003"/>
  <testcase name="wordServiceTest()" classname="Test" time="0.009"/>
  <testcase name="teamClassTest()" classname="Test" time="0.015"/>
  <testcase name="isNewWordMethodTest()" classname="Test" time="0.001"/>
  <testcase name="generateTeamsForOneRoundMethodTest()" classname="Test" time="0.002"/>
  <testcase name="saveGameResultsMethodTest()" classname="Test" time="0.003"/>
  <testcase name="generateNextWordMethodTest()" classname="Test" time="0.001"/>
  <system-out><![CDATA[]]></system-out>
  <system-err><![CDATA[]]></system-err>
</testsuite>
