<?xml version="1.0" encoding="UTF-8"?>
<testsuite name="Test" tests="5" skipped="0" failures="0" errors="0" timestamp="2023-12-15T14:02:02" hostname="McBkPr14M1Pr20vi5.local" time="0.286">
  <properties/>
  <testcase name="teamTeamServiceTest()" classname="Test" time="0.239"/>
  <testcase name="wordServiceTest()" classname="Test" time="0.011"/>
  <testcase name="teamClassTest()" classname="Test" time="0.03"/>
  <testcase name="generateTeamsForOneRoundMethodTest()" classname="Test" time="0.003"/>
  <testcase name="generateNextWordMethodTest()" classname="Test" time="0.002"/>
  <system-out><![CDATA[]]></system-out>
  <system-err><![CDATA[]]></system-err>
</testsuite>
