<?xml version="1.0" encoding="UTF-8"?>
<testsuite name="Test" tests="3" skipped="0" failures="0" errors="0" timestamp="2023-12-14T23:44:03" hostname="McBkPr14M1Pr20vi5.local" time="0.274">
  <properties/>
  <testcase name="teamTeamServiceTest()" classname="Test" time="0.244"/>
  <testcase name="teamClassTest()" classname="Test" time="0.026"/>
  <testcase name="generateTeamsForOneRoundMethodTest()" classname="Test" time="0.002"/>
  <system-out><![CDATA[]]></system-out>
  <system-err><![CDATA[]]></system-err>
</testsuite>
