<?xml version="1.0" encoding="UTF-8"?>
<testsuite name="Test" tests="1" skipped="0" failures="0" errors="0" timestamp="2023-12-14T23:32:43" hostname="McBkPr14M1Pr20vi5.local" time="0.245">
  <properties/>
  <testcase name="teamClassTest()" classname="Test" time="0.245"/>
  <system-out><![CDATA[]]></system-out>
  <system-err><![CDATA[]]></system-err>
</testsuite>
