<?xml version="1.0" encoding="UTF-8"?>
<testsuite name="Test" tests="1" skipped="0" failures="0" errors="0" timestamp="2023-12-24T11:41:49" hostname="McBkPr14M1Pr20vi5.local" time="0.191">
  <properties/>
  <testcase name="cardTestClassTest()" classname="Test" time="0.191"/>
  <system-out><![CDATA[]]></system-out>
  <system-err><![CDATA[]]></system-err>
</testsuite>
