<?xml version="1.0" encoding="UTF-8"?>
<testsuite name="Test" tests="2" skipped="0" failures="0" errors="0" timestamp="2023-12-24T15:50:51" hostname="McBkPr14M1Pr20vi5.local" time="0.208">
  <properties/>
  <testcase name="cardSequenceGeneratorTestClassTest()" classname="Test" time="0.19"/>
  <testcase name="cardTestClassTest()" classname="Test" time="0.018"/>
  <system-out><![CDATA[]]></system-out>
  <system-err><![CDATA[]]></system-err>
</testsuite>
