<?xml version="1.0" encoding="UTF-8"?>
<testsuite name="Test" tests="6" skipped="0" failures="0" errors="0" timestamp="2023-12-23T21:52:48" hostname="McBkPr14M1Pr20vi5.local" time="0.33">
  <properties/>
  <testcase name="keyCardTestClassTest()" classname="Test" time="0.219"/>
  <testcase name="utilObjectExtendedTestClassTest()" classname="Test" time="0.02"/>
  <testcase name="utilObjectConstValuesTest()" classname="Test" time="0.0"/>
  <testcase name="keyCardGeneratorTestClassTest()" classname="Test" time="0.001"/>
  <testcase name="utilObjectTestClassTest()" classname="Test" time="0.002"/>
  <testcase name="keyCardTypeTestClassTest()" classname="Test" time="0.084"/>
  <system-out><![CDATA[]]></system-out>
  <system-err><![CDATA[]]></system-err>
</testsuite>
