<?xml version="1.0" encoding="UTF-8"?>
<testsuite name="Test" tests="3" skipped="0" failures="0" errors="0" timestamp="2023-12-14T10:40:16" hostname="McBkPr14M1Pr20vi5.local" time="0.279">
  <properties/>
  <testcase name="identifierFactoryClassTest()" classname="Test" time="0.263"/>
  <testcase name="teamClassTest()" classname="Test" time="0.014"/>
  <testcase name="uniqueIdentifierMethodTest()" classname="Test" time="0.001"/>
  <system-out><![CDATA[]]></system-out>
  <system-err><![CDATA[]]></system-err>
</testsuite>
