<?xml version="1.0" encoding="UTF-8"?>
<testsuite name="Test" tests="5" skipped="0" failures="0" errors="0" timestamp="2023-12-14T15:25:33" hostname="McBkPr14M1Pr20vi5.local" time="0.236">
  <properties/>
  <testcase name="teamTeamServiceTest()" classname="Test" time="0.212"/>
  <testcase name="identifierFactoryClassTest()" classname="Test" time="0.005"/>
  <testcase name="teamClassTest()" classname="Test" time="0.014"/>
  <testcase name="generateTeamsForOneRoundMethodTest()" classname="Test" time="0.002"/>
  <testcase name="uniqueIdentifierMethodTest()" classname="Test" time="0.001"/>
  <system-out><![CDATA[]]></system-out>
  <system-err><![CDATA[]]></system-err>
</testsuite>
