<?xml version="1.0" encoding="UTF-8"?>
<testsuite name="Test" tests="15" skipped="0" failures="0" errors="0" timestamp="2023-12-14T20:50:59" hostname="McBkPr14M1Pr20vi5.local" time="0.352">
  <properties/>
  <testcase name="teamTeamServiceTest()" classname="Test" time="0.251"/>
  <testcase name="gameResultsServiceTest()" classname="Test" time="0.009"/>
  <testcase name="identifierFactoryClassTest()" classname="Test" time="0.008"/>
  <testcase name="getAllGameResultsMethodTest()" classname="Test" time="0.003"/>
  <testcase name="generateCardsMethodTest()" classname="Test" time="0.006"/>
  <testcase name="cardTest()" classname="Test" time="0.016"/>
  <testcase name="teamClassTest()" classname="Test" time="0.005"/>
  <testcase name="[1] words=[], expected=[]" classname="Test" time="0.016"/>
  <testcase name="[2] words=[dog], expected=[Word(word=dog)]" classname="Test" time="0.001"/>
  <testcase name="[3] words=[dog, cat], expected=[Word(word=dog), Word(word=cat)]" classname="Test" time="0.001"/>
  <testcase name="generateTeamsForOneRoundMethodTest()" classname="Test" time="0.001"/>
  <testcase name="saveGameResultsMethodTest()" classname="Test" time="0.003"/>
  <testcase name="uniqueIdentifierMethodTest()" classname="Test" time="0.001"/>
  <testcase name="getCardByIndexMethodTest()" classname="Test" time="0.003"/>
  <testcase name="cardServiceTest()" classname="Test" time="0.005"/>
  <system-out><![CDATA[]]></system-out>
  <system-err><![CDATA[]]></system-err>
</testsuite>
