<?xml version="1.0" encoding="UTF-8"?>
<testsuite name="Test" tests="6" skipped="0" failures="0" errors="0" timestamp="2023-12-14T17:46:10" hostname="McBkPr14M1Pr20vi5.local" time="0.232">
  <properties/>
  <testcase name="teamTeamServiceTest()" classname="Test" time="0.198"/>
  <testcase name="identifierFactoryClassTest()" classname="Test" time="0.006"/>
  <testcase name="cardTest()" classname="Test" time="0.016"/>
  <testcase name="teamClassTest()" classname="Test" time="0.007"/>
  <testcase name="generateTeamsForOneRoundMethodTest()" classname="Test" time="0.002"/>
  <testcase name="uniqueIdentifierMethodTest()" classname="Test" time="0.0"/>
  <system-out><![CDATA[]]></system-out>
  <system-err><![CDATA[]]></system-err>
</testsuite>
