<?xml version="1.0" encoding="UTF-8"?>
<testsuite name="Test" tests="2" skipped="0" failures="0" errors="0" timestamp="2023-12-13T23:41:08" hostname="McBkPr14M1Pr20vi5.local" time="0.245">
  <properties/>
  <testcase name="identifierFactoryClassTest()" classname="Test" time="0.243"/>
  <testcase name="uniqueIdentifierMethodTest()" classname="Test" time="0.001"/>
  <system-out><![CDATA[]]></system-out>
  <system-err><![CDATA[]]></system-err>
</testsuite>
